0 verbose cli /data/data/com.termux/files/usr/bin/node /data/data/com.termux/files/usr/bin/npm
1 info using npm@11.6.0
2 info using node@v24.9.0
3 silly config load:file:/data/data/com.termux/files/usr/lib/node_modules/npm/npmrc
4 silly config load:file:/data/data/com.termux/files/home/.npmrc
5 silly config load:file:/data/data/com.termux/files/usr/etc/npmrc
6 verbose title npm install wscat
7 verbose argv "install" "--global" "wscat"
8 verbose logfile logs-max:10 dir:/data/data/com.termux/files/home/.npm/_logs/2025-10-31T13_30_14_162Z-
9 verbose logfile /data/data/com.termux/files/home/.npm/_logs/2025-10-31T13_30_14_162Z-debug-0.log
10 silly packumentCache heap:834404352 maxSize:208601088 maxEntrySize:104300544
11 silly logfile done cleaning log files
12 silly idealTree buildDeps
13 silly fetch manifest wscat@*
14 silly packumentCache full:https://registry.npmjs.org/wscat cache-miss
15 http fetch GET 200 https://registry.npmjs.org/wscat 1389ms (cache miss)
16 silly packumentCache full:https://registry.npmjs.org/wscat set size:undefined disposed:false
17 silly placeDep ROOT wscat@6.1.0 OK for:  want: *
18 silly fetch manifest commander@^12.1.0
19 silly packumentCache full:https://registry.npmjs.org/commander cache-miss
20 silly fetch manifest https-proxy-agent@^7.0.5
21 silly packumentCache full:https://registry.npmjs.org/https-proxy-agent cache-miss
22 silly fetch manifest read@^4.0.0
23 silly packumentCache full:https://registry.npmjs.org/read cache-miss
24 silly fetch manifest ws@^8.0.0
25 silly packumentCache full:https://registry.npmjs.org/ws cache-miss
26 http fetch GET 200 https://registry.npmjs.org/commander 397ms (cache miss)
27 silly packumentCache full:https://registry.npmjs.org/commander set size:undefined disposed:false
28 http fetch GET 200 https://registry.npmjs.org/read 469ms (cache miss)
29 silly packumentCache full:https://registry.npmjs.org/read set size:undefined disposed:false
30 http fetch GET 200 https://registry.npmjs.org/https-proxy-agent 489ms (cache miss)
31 silly packumentCache full:https://registry.npmjs.org/https-proxy-agent set size:undefined disposed:false
32 http fetch GET 200 https://registry.npmjs.org/ws 1445ms (cache miss)
33 silly packumentCache full:https://registry.npmjs.org/ws set size:undefined disposed:false
34 silly fetch manifest bufferutil@^4.0.1
35 silly packumentCache full:https://registry.npmjs.org/bufferutil cache-miss
36 http fetch GET 200 https://registry.npmjs.org/bufferutil 117ms (cache miss)
37 silly packumentCache full:https://registry.npmjs.org/bufferutil set size:undefined disposed:false
38 silly fetch manifest utf-8-validate@>=5.0.2
39 silly packumentCache full:https://registry.npmjs.org/utf-8-validate cache-miss
40 http fetch GET 200 https://registry.npmjs.org/utf-8-validate 155ms (cache miss)
41 silly packumentCache full:https://registry.npmjs.org/utf-8-validate set size:undefined disposed:false
42 silly placeDep node_modules/wscat commander@12.1.0 OK for: wscat@6.1.0 want: ^12.1.0
43 silly placeDep node_modules/wscat https-proxy-agent@7.0.6 OK for: wscat@6.1.0 want: ^7.0.5
44 silly placeDep node_modules/wscat read@4.1.0 OK for: wscat@6.1.0 want: ^4.0.0
45 silly placeDep node_modules/wscat ws@8.18.3 OK for: wscat@6.1.0 want: ^8.0.0
46 silly fetch manifest debug@4
47 silly packumentCache full:https://registry.npmjs.org/debug cache-miss
48 silly fetch manifest agent-base@^7.1.2
49 silly packumentCache full:https://registry.npmjs.org/agent-base cache-miss
50 silly fetch manifest mute-stream@^2.0.0
51 silly packumentCache full:https://registry.npmjs.org/mute-stream cache-miss
52 http fetch GET 200 https://registry.npmjs.org/mute-stream 182ms (cache miss)
53 silly packumentCache full:https://registry.npmjs.org/mute-stream set size:undefined disposed:false
54 http fetch GET 200 https://registry.npmjs.org/agent-base 281ms (cache miss)
55 silly packumentCache full:https://registry.npmjs.org/agent-base set size:undefined disposed:false
56 http fetch GET 200 https://registry.npmjs.org/debug 302ms (cache miss)
57 silly packumentCache full:https://registry.npmjs.org/debug set size:undefined disposed:false
58 silly placeDep node_modules/wscat agent-base@7.1.4 OK for: https-proxy-agent@7.0.6 want: ^7.1.2
59 silly placeDep node_modules/wscat debug@4.4.3 OK for: https-proxy-agent@7.0.6 want: 4
60 silly fetch manifest ms@^2.1.3
61 silly packumentCache full:https://registry.npmjs.org/ms cache-miss
62 http fetch GET 200 https://registry.npmjs.org/ms 121ms (cache miss)
63 silly packumentCache full:https://registry.npmjs.org/ms set size:undefined disposed:false
64 silly placeDep node_modules/wscat ms@2.1.3 OK for: debug@4.4.3 want: ^2.1.3
65 silly placeDep node_modules/wscat mute-stream@2.0.0 OK for: read@4.1.0 want: ^2.0.0
66 silly reify moves {}
67 http cache wscat@https://registry.npmjs.org/wscat/-/wscat-6.1.0.tgz 1ms (cache hit)
68 http cache mute-stream@https://registry.npmjs.org/mute-stream/-/mute-stream-2.0.0.tgz 0ms (cache hit)
69 http cache ms@https://registry.npmjs.org/ms/-/ms-2.1.3.tgz 0ms (cache hit)
70 http cache debug@https://registry.npmjs.org/debug/-/debug-4.4.3.tgz 0ms (cache hit)
71 http cache ws@https://registry.npmjs.org/ws/-/ws-8.18.3.tgz 1ms (cache hit)
72 http cache agent-base@https://registry.npmjs.org/agent-base/-/agent-base-7.1.4.tgz 0ms (cache hit)
73 http cache read@https://registry.npmjs.org/read/-/read-4.1.0.tgz 0ms (cache hit)
74 http cache https-proxy-agent@https://registry.npmjs.org/https-proxy-agent/-/https-proxy-agent-7.0.6.tgz 0ms (cache hit)
75 http cache commander@https://registry.npmjs.org/commander/-/commander-12.1.0.tgz 0ms (cache hit)
76 silly tarball no local data for wscat@https://registry.npmjs.org/wscat/-/wscat-6.1.0.tgz. Extracting by manifest.
77 silly tarball no local data for mute-stream@https://registry.npmjs.org/mute-stream/-/mute-stream-2.0.0.tgz. Extracting by manifest.
78 silly tarball no local data for ms@https://registry.npmjs.org/ms/-/ms-2.1.3.tgz. Extracting by manifest.
79 silly tarball no local data for debug@https://registry.npmjs.org/debug/-/debug-4.4.3.tgz. Extracting by manifest.
80 silly tarball no local data for ws@https://registry.npmjs.org/ws/-/ws-8.18.3.tgz. Extracting by manifest.
81 silly tarball no local data for agent-base@https://registry.npmjs.org/agent-base/-/agent-base-7.1.4.tgz. Extracting by manifest.
82 silly tarball no local data for read@https://registry.npmjs.org/read/-/read-4.1.0.tgz. Extracting by manifest.
83 silly tarball no local data for https-proxy-agent@https://registry.npmjs.org/https-proxy-agent/-/https-proxy-agent-7.0.6.tgz. Extracting by manifest.
84 silly tarball no local data for commander@https://registry.npmjs.org/commander/-/commander-12.1.0.tgz. Extracting by manifest.
85 http fetch GET 200 https://registry.npmjs.org/wscat/-/wscat-6.1.0.tgz 409ms (cache miss)
86 http fetch GET 200 https://registry.npmjs.org/mute-stream/-/mute-stream-2.0.0.tgz 408ms (cache miss)
87 http fetch GET 200 https://registry.npmjs.org/debug/-/debug-4.4.3.tgz 405ms (cache miss)
88 http fetch GET 200 https://registry.npmjs.org/ms/-/ms-2.1.3.tgz 439ms (cache miss)
89 http fetch GET 200 https://registry.npmjs.org/read/-/read-4.1.0.tgz 828ms (cache miss)
90 http fetch GET 200 https://registry.npmjs.org/agent-base/-/agent-base-7.1.4.tgz 842ms (cache miss)
91 http fetch GET 200 https://registry.npmjs.org/https-proxy-agent/-/https-proxy-agent-7.0.6.tgz 848ms (cache miss)
92 http fetch GET 200 https://registry.npmjs.org/commander/-/commander-12.1.0.tgz 920ms (cache miss)
93 http fetch GET 200 https://registry.npmjs.org/ws/-/ws-8.18.3.tgz 950ms (cache miss)
94 silly ADD node_modules/wscat
95 silly ADD node_modules/wscat/node_modules/mute-stream
96 silly ADD node_modules/wscat/node_modules/ms
97 silly ADD node_modules/wscat/node_modules/debug
98 silly ADD node_modules/wscat/node_modules/agent-base
99 silly ADD node_modules/wscat/node_modules/ws
100 silly ADD node_modules/wscat/node_modules/read
101 silly ADD node_modules/wscat/node_modules/https-proxy-agent
102 silly ADD node_modules/wscat/node_modules/commander
103 verbose cwd /data/data/com.termux/files/home
104 verbose os Linux 4.19.127-g20813a2c8-dirty
105 verbose node v24.9.0
106 verbose npm  v11.6.0
107 verbose exit 0
108 info ok
